Build started 1/15/2015 2:45:04 PM.
     1>Project "E:\CHAO\libsodium-1.0.1\libsodium.vcxproj" on node 2 (Build target(s)).
     1>PreBuildEvent:
         E:\CHAO\libsodium-1.0.1\/msvc-scripts/process.bat
         :VCEnd
       ClCompile:
         C:\Program Files (x86)\Microsoft Visual Studio 12.0\VC\bin\CL.exe /c /I"E:\CHAO\libsodium-1.0.1\\" /I"E:\CHAO\libsodium-1.0.1\src\libsodium\include\sodium" /I"E:\CHAO\libsodium-1.0.1\src\libsodium\include\sodium" /I"E:\CHAO\libsodium-1.0.1\src\libsodium\include" /I"E:\CHAO\libsodium-1.0.1\\" /I"E:\CHAO\libsodium-1.0.1\src\libsodium\include\sodium" /I"E:\CHAO\libsodium-1.0.1\src\libsodium\include" /ZI /nologo /W3 /WX- /MP /Od /Oy- /D SODIUM_STATIC /D SODIUM_EXPORT= /D WIN32 /D _DEBUG /D _CONSOLE /D inline=__inline /D NATIVE_LITTLE_ENDIAN=1 /D UNICODE /D _UNICODE /D _MBCS /Gm /EHsc /RTC1 /MTd /GS /fp:precise /Zc:wchar_t /Zc:forScope /Fo"E:\CHAO\libsodium-1.0.1\Build\Debug\Win32\Intermediate\\" /Fd"E:\CHAO\libsodium-1.0.1\Build\Debug\Win32\Intermediate\vc120.pdb" /Gd /TC /wd4244 /analyze- /errorReport:prompt src\libsodium\sodium\version.c
         version.c
         C:\Program Files (x86)\Microsoft Visual Studio 12.0\VC\bin\CL.exe /c /I"E:\CHAO\libsodium-1.0.1\\" /I"E:\CHAO\libsodium-1.0.1\src\libsodium\include\sodium" /I"E:\CHAO\libsodium-1.0.1\src\libsodium\include\sodium" /I"E:\CHAO\libsodium-1.0.1\src\libsodium\include" /I"E:\CHAO\libsodium-1.0.1\\" /I"E:\CHAO\libsodium-1.0.1\src\libsodium\include\sodium" /I"E:\CHAO\libsodium-1.0.1\src\libsodium\include" /ZI /nologo /W3 /WX- /MP /Od /Oy- /D SODIUM_STATIC /D SODIUM_EXPORT= /D WIN32 /D _DEBUG /D _CONSOLE /D inline=__inline /D NATIVE_LITTLE_ENDIAN=1 /D UNICODE /D _UNICODE /D _MBCS /Gm /EHsc /RTC1 /MTd /GS /fp:precise /Zc:wchar_t /Zc:forScope /Fo"E:\CHAO\libsodium-1.0.1\Build\Debug\Win32\Intermediate\\" /Fd"E:\CHAO\libsodium-1.0.1\Build\Debug\Win32\Intermediate\vc120.pdb" /Gd /TP /wd4244 /analyze- /errorReport:prompt src\Main.cpp
         Main.cpp
     1>e:\chao\libsodium-1.0.1\src\main.cpp(23): warning C4996: 'gets': This function or variable may be unsafe. Consider using gets_s instead. To disable deprecation, use _CRT_SECURE_NO_WARNINGS. See online help for details.
                 c:\program files (x86)\microsoft visual studio 12.0\vc\include\stdio.h(254) : see declaration of 'gets'
     1>e:\chao\libsodium-1.0.1\src\main.cpp(52): warning C4996: 'getch': The POSIX name for this item is deprecated. Instead, use the ISO C++ conformant name: _getch. See online help for details.
                 c:\program files (x86)\microsoft visual studio 12.0\vc\include\conio.h(131) : see declaration of 'getch'
       Link:
         C:\Program Files (x86)\Microsoft Visual Studio 12.0\VC\bin\link.exe /ERRORREPORT:PROMPT /OUT:"E:\CHAO\libsodium-1.0.1\Build\Debug\Win32\libsodium.exe" /INCREMENTAL /NOLOGO kernel32.lib user32.lib gdi32.lib winspool.lib comdlg32.lib advapi32.lib shell32.lib ole32.lib oleaut32.lib uuid.lib odbc32.lib odbccp32.lib /MANIFEST /MANIFESTUAC:"level='asInvoker' uiAccess='false'" /manifest:embed /DEBUG /PDB:"E:\CHAO\libsodium-1.0.1\Build\Debug\Win32\libsodium.pdb" /SUBSYSTEM:CONSOLE /TLBID:1 /DYNAMICBASE /NXCOMPAT /IMPLIB:"E:\CHAO\libsodium-1.0.1\Build\Debug\Win32\libsodium.lib" /MACHINE:X86 "E:\CHAO\libsodium-1.0.1\Build\Debug\Win32\Intermediate\aead_chacha20poly1305.obj"
         "E:\CHAO\libsodium-1.0.1\Build\Debug\Win32\Intermediate\crypto_auth.obj"
         "E:\CHAO\libsodium-1.0.1\Build\Debug\Win32\Intermediate\auth_hmacsha256_api.obj"
         "E:\CHAO\libsodium-1.0.1\Build\Debug\Win32\Intermediate\hmac_hmacsha256.obj"
         "E:\CHAO\libsodium-1.0.1\Build\Debug\Win32\Intermediate\verify_hmacsha256.obj"
         "E:\CHAO\libsodium-1.0.1\Build\Debug\Win32\Intermediate\auth_hmacsha512_api.obj"
         "E:\CHAO\libsodium-1.0.1\Build\Debug\Win32\Intermediate\hmac_hmacsha512.obj"
         "E:\CHAO\libsodium-1.0.1\Build\Debug\Win32\Intermediate\verify_hmacsha512.obj"
         "E:\CHAO\libsodium-1.0.1\Build\Debug\Win32\Intermediate\auth_hmacsha512256_api.obj"
         "E:\CHAO\libsodium-1.0.1\Build\Debug\Win32\Intermediate\hmac_hmacsha512256.obj"
         "E:\CHAO\libsodium-1.0.1\Build\Debug\Win32\Intermediate\verify_hmacsha512256.obj"
         "E:\CHAO\libsodium-1.0.1\Build\Debug\Win32\Intermediate\crypto_box.obj"
         "E:\CHAO\libsodium-1.0.1\Build\Debug\Win32\Intermediate\crypto_box_easy.obj"
         "E:\CHAO\libsodium-1.0.1\Build\Debug\Win32\Intermediate\box_curve25519xsalsa20poly1305_api.obj"
         "E:\CHAO\libsodium-1.0.1\Build\Debug\Win32\Intermediate\after_curve25519xsalsa20poly1305.obj"
         "E:\CHAO\libsodium-1.0.1\Build\Debug\Win32\Intermediate\before_curve25519xsalsa20poly1305.obj"
         "E:\CHAO\libsodium-1.0.1\Build\Debug\Win32\Intermediate\box_curve25519xsalsa20poly1305.obj"
         "E:\CHAO\libsodium-1.0.1\Build\Debug\Win32\Intermediate\keypair_curve25519xsalsa20poly1305.obj"
         "E:\CHAO\libsodium-1.0.1\Build\Debug\Win32\Intermediate\core_hsalsa20_api.obj"
         "E:\CHAO\libsodium-1.0.1\Build\Debug\Win32\Intermediate\core_hsalsa20.obj"
         "E:\CHAO\libsodium-1.0.1\Build\Debug\Win32\Intermediate\core_salsa2012_api.obj"
         "E:\CHAO\libsodium-1.0.1\Build\Debug\Win32\Intermediate\core_salsa2012.obj"
         "E:\CHAO\libsodium-1.0.1\Build\Debug\Win32\Intermediate\core_salsa208_api.obj"
         "E:\CHAO\libsodium-1.0.1\Build\Debug\Win32\Intermediate\core_salsa208.obj"
         "E:\CHAO\libsodium-1.0.1\Build\Debug\Win32\Intermediate\core_salsa20_api.obj"
         "E:\CHAO\libsodium-1.0.1\Build\Debug\Win32\Intermediate\core_salsa20.obj"
         "E:\CHAO\libsodium-1.0.1\Build\Debug\Win32\Intermediate\generichash_blake2_api.obj"
         "E:\CHAO\libsodium-1.0.1\Build\Debug\Win32\Intermediate\blake2b-ref.obj"
         "E:\CHAO\libsodium-1.0.1\Build\Debug\Win32\Intermediate\generichash_blake2b.obj"
         "E:\CHAO\libsodium-1.0.1\Build\Debug\Win32\Intermediate\crypto_generichash.obj"
         "E:\CHAO\libsodium-1.0.1\Build\Debug\Win32\Intermediate\crypto_hash.obj"
         "E:\CHAO\libsodium-1.0.1\Build\Debug\Win32\Intermediate\hash_sha256_api.obj"
         "E:\CHAO\libsodium-1.0.1\Build\Debug\Win32\Intermediate\hash_sha256.obj"
         "E:\CHAO\libsodium-1.0.1\Build\Debug\Win32\Intermediate\hash_sha512_api.obj"
         "E:\CHAO\libsodium-1.0.1\Build\Debug\Win32\Intermediate\hash_sha512.obj"
         "E:\CHAO\libsodium-1.0.1\Build\Debug\Win32\Intermediate\crypto_onetimeauth.obj"
         "E:\CHAO\libsodium-1.0.1\Build\Debug\Win32\Intermediate\auth_poly1305_donna.obj"
         "E:\CHAO\libsodium-1.0.1\Build\Debug\Win32\Intermediate\verify_poly1305_donna.obj"
         "E:\CHAO\libsodium-1.0.1\Build\Debug\Win32\Intermediate\onetimeauth_poly1305.obj"
         "E:\CHAO\libsodium-1.0.1\Build\Debug\Win32\Intermediate\onetimeauth_poly1305_api.obj"
         "E:\CHAO\libsodium-1.0.1\Build\Debug\Win32\Intermediate\onetimeauth_poly1305_try.obj"
         "E:\CHAO\libsodium-1.0.1\Build\Debug\Win32\Intermediate\crypto_scrypt-common.obj"
         "E:\CHAO\libsodium-1.0.1\Build\Debug\Win32\Intermediate\pwhash_scryptsalsa208sha256_nosse.obj"
         "E:\CHAO\libsodium-1.0.1\Build\Debug\Win32\Intermediate\pbkdf2-sha256.obj"
         "E:\CHAO\libsodium-1.0.1\Build\Debug\Win32\Intermediate\pwhash_scryptsalsa208sha256.obj"
         "E:\CHAO\libsodium-1.0.1\Build\Debug\Win32\Intermediate\scrypt_platform.obj"
         "E:\CHAO\libsodium-1.0.1\Build\Debug\Win32\Intermediate\pwhash_scryptsalsa208sha256_sse.obj"
         "E:\CHAO\libsodium-1.0.1\Build\Debug\Win32\Intermediate\crypto_scalarmult.obj"
         "E:\CHAO\libsodium-1.0.1\Build\Debug\Win32\Intermediate\base_curve25519_donna_c64.obj"
         "E:\CHAO\libsodium-1.0.1\Build\Debug\Win32\Intermediate\smult_curve25519_donna_c64.obj"
         "E:\CHAO\libsodium-1.0.1\Build\Debug\Win32\Intermediate\base_curve25519_ref10.obj"
         "E:\CHAO\libsodium-1.0.1\Build\Debug\Win32\Intermediate\fe_0_curve25519_ref10.obj"
         "E:\CHAO\libsodium-1.0.1\Build\Debug\Win32\Intermediate\fe_1_curve25519_ref10.obj"
         "E:\CHAO\libsodium-1.0.1\Build\Debug\Win32\Intermediate\fe_add_curve25519_ref10.obj"
         "E:\CHAO\libsodium-1.0.1\Build\Debug\Win32\Intermediate\fe_copy_curve25519_ref10.obj"
         "E:\CHAO\libsodium-1.0.1\Build\Debug\Win32\Intermediate\fe_cswap_curve25519_ref10.obj"
         "E:\CHAO\libsodium-1.0.1\Build\Debug\Win32\Intermediate\fe_frombytes_curve25519_ref10.obj"
         "E:\CHAO\libsodium-1.0.1\Build\Debug\Win32\Intermediate\fe_invert_curve25519_ref10.obj"
         "E:\CHAO\libsodium-1.0.1\Build\Debug\Win32\Intermediate\fe_mul121666_curve25519_ref10.obj"
         "E:\CHAO\libsodium-1.0.1\Build\Debug\Win32\Intermediate\fe_mul_curve25519_ref10.obj"
         "E:\CHAO\libsodium-1.0.1\Build\Debug\Win32\Intermediate\fe_sq_curve25519_ref10.obj"
         "E:\CHAO\libsodium-1.0.1\Build\Debug\Win32\Intermediate\fe_sub_curve25519_ref10.obj"
         "E:\CHAO\libsodium-1.0.1\Build\Debug\Win32\Intermediate\fe_tobytes_curve25519_ref10.obj"
         "E:\CHAO\libsodium-1.0.1\Build\Debug\Win32\Intermediate\scalarmult_curve25519_ref10.obj"
         "E:\CHAO\libsodium-1.0.1\Build\Debug\Win32\Intermediate\scalarmult_curve25519_api.obj"
         "E:\CHAO\libsodium-1.0.1\Build\Debug\Win32\Intermediate\crypto_secretbox.obj"
         "E:\CHAO\libsodium-1.0.1\Build\Debug\Win32\Intermediate\crypto_secretbox_easy.obj"
         "E:\CHAO\libsodium-1.0.1\Build\Debug\Win32\Intermediate\box_xsalsa20poly1305.obj"
         "E:\CHAO\libsodium-1.0.1\Build\Debug\Win32\Intermediate\secretbox_xsalsa20poly1305_api.obj"
         "E:\CHAO\libsodium-1.0.1\Build\Debug\Win32\Intermediate\crypto_shorthash.obj"
         "E:\CHAO\libsodium-1.0.1\Build\Debug\Win32\Intermediate\shorthash_siphash24.obj"
         "E:\CHAO\libsodium-1.0.1\Build\Debug\Win32\Intermediate\shorthash_siphash24_api.obj"
         "E:\CHAO\libsodium-1.0.1\Build\Debug\Win32\Intermediate\crypto_sign.obj"
         "E:\CHAO\libsodium-1.0.1\Build\Debug\Win32\Intermediate\fe_0.obj"
         "E:\CHAO\libsodium-1.0.1\Build\Debug\Win32\Intermediate\fe_1.obj"
         "E:\CHAO\libsodium-1.0.1\Build\Debug\Win32\Intermediate\fe_add.obj"
         "E:\CHAO\libsodium-1.0.1\Build\Debug\Win32\Intermediate\fe_cmov.obj"
         "E:\CHAO\libsodium-1.0.1\Build\Debug\Win32\Intermediate\fe_copy.obj"
         "E:\CHAO\libsodium-1.0.1\Build\Debug\Win32\Intermediate\fe_frombytes.obj"
         "E:\CHAO\libsodium-1.0.1\Build\Debug\Win32\Intermediate\fe_invert.obj"
         "E:\CHAO\libsodium-1.0.1\Build\Debug\Win32\Intermediate\fe_isnegative.obj"
         "E:\CHAO\libsodium-1.0.1\Build\Debug\Win32\Intermediate\fe_isnonzero.obj"
         "E:\CHAO\libsodium-1.0.1\Build\Debug\Win32\Intermediate\fe_mul.obj"
         "E:\CHAO\libsodium-1.0.1\Build\Debug\Win32\Intermediate\fe_neg.obj"
         "E:\CHAO\libsodium-1.0.1\Build\Debug\Win32\Intermediate\fe_pow22523.obj"
         "E:\CHAO\libsodium-1.0.1\Build\Debug\Win32\Intermediate\fe_sq.obj"
         "E:\CHAO\libsodium-1.0.1\Build\Debug\Win32\Intermediate\fe_sq2.obj"
         "E:\CHAO\libsodium-1.0.1\Build\Debug\Win32\Intermediate\fe_sub.obj"
         "E:\CHAO\libsodium-1.0.1\Build\Debug\Win32\Intermediate\fe_tobytes.obj"
         "E:\CHAO\libsodium-1.0.1\Build\Debug\Win32\Intermediate\ge_add.obj"
         "E:\CHAO\libsodium-1.0.1\Build\Debug\Win32\Intermediate\ge_double_scalarmult.obj"
         "E:\CHAO\libsodium-1.0.1\Build\Debug\Win32\Intermediate\ge_frombytes.obj"
         "E:\CHAO\libsodium-1.0.1\Build\Debug\Win32\Intermediate\ge_madd.obj"
         "E:\CHAO\libsodium-1.0.1\Build\Debug\Win32\Intermediate\ge_msub.obj"
         "E:\CHAO\libsodium-1.0.1\Build\Debug\Win32\Intermediate\ge_p1p1_to_p2.obj"
         "E:\CHAO\libsodium-1.0.1\Build\Debug\Win32\Intermediate\ge_p1p1_to_p3.obj"
         "E:\CHAO\libsodium-1.0.1\Build\Debug\Win32\Intermediate\ge_p2_0.obj"
         "E:\CHAO\libsodium-1.0.1\Build\Debug\Win32\Intermediate\ge_p2_dbl.obj"
         "E:\CHAO\libsodium-1.0.1\Build\Debug\Win32\Intermediate\ge_p3_0.obj"
         "E:\CHAO\libsodium-1.0.1\Build\Debug\Win32\Intermediate\ge_p3_dbl.obj"
         "E:\CHAO\libsodium-1.0.1\Build\Debug\Win32\Intermediate\ge_p3_tobytes.obj"
         "E:\CHAO\libsodium-1.0.1\Build\Debug\Win32\Intermediate\ge_p3_to_cached.obj"
         "E:\CHAO\libsodium-1.0.1\Build\Debug\Win32\Intermediate\ge_p3_to_p2.obj"
         "E:\CHAO\libsodium-1.0.1\Build\Debug\Win32\Intermediate\ge_precomp_0.obj"
         "E:\CHAO\libsodium-1.0.1\Build\Debug\Win32\Intermediate\ge_scalarmult_base.obj"
         "E:\CHAO\libsodium-1.0.1\Build\Debug\Win32\Intermediate\ge_sub.obj"
         "E:\CHAO\libsodium-1.0.1\Build\Debug\Win32\Intermediate\ge_tobytes.obj"
         "E:\CHAO\libsodium-1.0.1\Build\Debug\Win32\Intermediate\keypair.obj"
         "E:\CHAO\libsodium-1.0.1\Build\Debug\Win32\Intermediate\open.obj"
         "E:\CHAO\libsodium-1.0.1\Build\Debug\Win32\Intermediate\sc_muladd.obj"
         "E:\CHAO\libsodium-1.0.1\Build\Debug\Win32\Intermediate\sc_reduce.obj"
         "E:\CHAO\libsodium-1.0.1\Build\Debug\Win32\Intermediate\sign.obj"
         "E:\CHAO\libsodium-1.0.1\Build\Debug\Win32\Intermediate\sign_ed25519_api.obj"
         "E:\CHAO\libsodium-1.0.1\Build\Debug\Win32\Intermediate\fe25519_edwards25519sha512batch.obj"
         "E:\CHAO\libsodium-1.0.1\Build\Debug\Win32\Intermediate\ge25519_edwards25519sha512batch.obj"
         "E:\CHAO\libsodium-1.0.1\Build\Debug\Win32\Intermediate\sc25519_edwards25519sha512batch.obj"
         "E:\CHAO\libsodium-1.0.1\Build\Debug\Win32\Intermediate\sign_edwards25519sha512batch.obj"
         "E:\CHAO\libsodium-1.0.1\Build\Debug\Win32\Intermediate\sign_edwards25519sha512batch_api.obj"
         "E:\CHAO\libsodium-1.0.1\Build\Debug\Win32\Intermediate\afternm_aes128ctr.obj"
         "E:\CHAO\libsodium-1.0.1\Build\Debug\Win32\Intermediate\beforenm_aes128ctr.obj"
         "E:\CHAO\libsodium-1.0.1\Build\Debug\Win32\Intermediate\common_aes128ctr.obj"
         "E:\CHAO\libsodium-1.0.1\Build\Debug\Win32\Intermediate\consts_aes128ctr.obj"
         "E:\CHAO\libsodium-1.0.1\Build\Debug\Win32\Intermediate\int128_aes128ctr.obj"
         "E:\CHAO\libsodium-1.0.1\Build\Debug\Win32\Intermediate\stream_aes128ctr.obj"
         "E:\CHAO\libsodium-1.0.1\Build\Debug\Win32\Intermediate\xor_afternm_aes128ctr.obj"
         "E:\CHAO\libsodium-1.0.1\Build\Debug\Win32\Intermediate\stream_aes128ctr_api.obj"
         "E:\CHAO\libsodium-1.0.1\Build\Debug\Win32\Intermediate\stream_chacha20_ref.obj"
         "E:\CHAO\libsodium-1.0.1\Build\Debug\Win32\Intermediate\stream_chacha20_api.obj"
         "E:\CHAO\libsodium-1.0.1\Build\Debug\Win32\Intermediate\crypto_stream.obj"
         "E:\CHAO\libsodium-1.0.1\Build\Debug\Win32\Intermediate\stream_salsa2012.obj"
         "E:\CHAO\libsodium-1.0.1\Build\Debug\Win32\Intermediate\xor_salsa2012.obj"
         "E:\CHAO\libsodium-1.0.1\Build\Debug\Win32\Intermediate\stream_salsa2012_api.obj"
         "E:\CHAO\libsodium-1.0.1\Build\Debug\Win32\Intermediate\stream_salsa208.obj"
         "E:\CHAO\libsodium-1.0.1\Build\Debug\Win32\Intermediate\xor_salsa208.obj"
         "E:\CHAO\libsodium-1.0.1\Build\Debug\Win32\Intermediate\stream_salsa208_api.obj"
         "E:\CHAO\libsodium-1.0.1\Build\Debug\Win32\Intermediate\stream_salsa20_ref.obj"
         "E:\CHAO\libsodium-1.0.1\Build\Debug\Win32\Intermediate\xor_salsa20_ref.obj"
         "E:\CHAO\libsodium-1.0.1\Build\Debug\Win32\Intermediate\stream_salsa20_api.obj"
         "E:\CHAO\libsodium-1.0.1\Build\Debug\Win32\Intermediate\stream_xsalsa20.obj"
         "E:\CHAO\libsodium-1.0.1\Build\Debug\Win32\Intermediate\xor_xsalsa20.obj"
         "E:\CHAO\libsodium-1.0.1\Build\Debug\Win32\Intermediate\stream_xsalsa20_api.obj"
         "E:\CHAO\libsodium-1.0.1\Build\Debug\Win32\Intermediate\verify_16.obj"
         "E:\CHAO\libsodium-1.0.1\Build\Debug\Win32\Intermediate\verify_16_api.obj"
         "E:\CHAO\libsodium-1.0.1\Build\Debug\Win32\Intermediate\verify_32.obj"
         "E:\CHAO\libsodium-1.0.1\Build\Debug\Win32\Intermediate\verify_32_api.obj"
         "E:\CHAO\libsodium-1.0.1\Build\Debug\Win32\Intermediate\verify_64.obj"
         "E:\CHAO\libsodium-1.0.1\Build\Debug\Win32\Intermediate\verify_64_api.obj"
         "E:\CHAO\libsodium-1.0.1\Build\Debug\Win32\Intermediate\randombytes.obj"
         "E:\CHAO\libsodium-1.0.1\Build\Debug\Win32\Intermediate\randombytes_salsa20_random.obj"
         "E:\CHAO\libsodium-1.0.1\Build\Debug\Win32\Intermediate\randombytes_sysrandom.obj"
         "E:\CHAO\libsodium-1.0.1\Build\Debug\Win32\Intermediate\core.obj"
         "E:\CHAO\libsodium-1.0.1\Build\Debug\Win32\Intermediate\runtime.obj"
         "E:\CHAO\libsodium-1.0.1\Build\Debug\Win32\Intermediate\utils.obj"
         "E:\CHAO\libsodium-1.0.1\Build\Debug\Win32\Intermediate\version.obj"
         "E:\CHAO\libsodium-1.0.1\Build\Debug\Win32\Intermediate\Main.obj"
         libsodium.vcxproj -> E:\CHAO\libsodium-1.0.1\Build\Debug\Win32\libsodium.exe
       PostBuildEvent:
         E:\CHAO\libsodium-1.0.1\/test/default/wintest.bat Debug Win32
         :VCEnd
         Running the test suite:
         aead_chacha20poly1305.c compile failed
     1>Done Building Project "E:\CHAO\libsodium-1.0.1\libsodium.vcxproj" (Build target(s)).

Build succeeded.

Time Elapsed 00:00:05.71
