e:\chao\libsodium-1.0.1\build\debug\win32\intermediate\vc120.pdb
e:\chao\libsodium-1.0.1\build\debug\win32\intermediate\vc120.idb
e:\chao\libsodium-1.0.1\build\debug\win32\intermediate\stream_salsa208_api.obj
e:\chao\libsodium-1.0.1\build\debug\win32\intermediate\stream_salsa20_ref.obj
e:\chao\libsodium-1.0.1\build\debug\win32\intermediate\xor_salsa20_ref.obj
e:\chao\libsodium-1.0.1\build\debug\win32\intermediate\stream_salsa20_api.obj
e:\chao\libsodium-1.0.1\build\debug\win32\intermediate\stream_xsalsa20.obj
e:\chao\libsodium-1.0.1\build\debug\win32\intermediate\xor_xsalsa20.obj
e:\chao\libsodium-1.0.1\build\debug\win32\intermediate\stream_xsalsa20_api.obj
e:\chao\libsodium-1.0.1\build\debug\win32\intermediate\verify_16.obj
e:\chao\libsodium-1.0.1\build\debug\win32\intermediate\verify_16_api.obj
e:\chao\libsodium-1.0.1\build\debug\win32\intermediate\verify_32.obj
e:\chao\libsodium-1.0.1\build\debug\win32\intermediate\verify_32_api.obj
e:\chao\libsodium-1.0.1\build\debug\win32\intermediate\verify_64.obj
e:\chao\libsodium-1.0.1\build\debug\win32\intermediate\verify_64_api.obj
e:\chao\libsodium-1.0.1\build\debug\win32\intermediate\randombytes.obj
e:\chao\libsodium-1.0.1\build\debug\win32\intermediate\randombytes_salsa20_random.obj
e:\chao\libsodium-1.0.1\build\debug\win32\intermediate\randombytes_sysrandom.obj
e:\chao\libsodium-1.0.1\build\debug\win32\intermediate\core.obj
e:\chao\libsodium-1.0.1\build\debug\win32\intermediate\runtime.obj
e:\chao\libsodium-1.0.1\build\debug\win32\intermediate\utils.obj
e:\chao\libsodium-1.0.1\build\debug\win32\intermediate\version.obj
e:\chao\libsodium-1.0.1\build\debug\win32\intermediate\ge25519_edwards25519sha512batch.obj
e:\chao\libsodium-1.0.1\build\debug\win32\intermediate\sc25519_edwards25519sha512batch.obj
e:\chao\libsodium-1.0.1\build\debug\win32\intermediate\sign_edwards25519sha512batch.obj
e:\chao\libsodium-1.0.1\build\debug\win32\intermediate\sign_edwards25519sha512batch_api.obj
e:\chao\libsodium-1.0.1\build\debug\win32\intermediate\afternm_aes128ctr.obj
e:\chao\libsodium-1.0.1\build\debug\win32\intermediate\beforenm_aes128ctr.obj
e:\chao\libsodium-1.0.1\build\debug\win32\intermediate\common_aes128ctr.obj
e:\chao\libsodium-1.0.1\build\debug\win32\intermediate\consts_aes128ctr.obj
e:\chao\libsodium-1.0.1\build\debug\win32\intermediate\int128_aes128ctr.obj
e:\chao\libsodium-1.0.1\build\debug\win32\intermediate\stream_aes128ctr.obj
e:\chao\libsodium-1.0.1\build\debug\win32\intermediate\xor_afternm_aes128ctr.obj
e:\chao\libsodium-1.0.1\build\debug\win32\intermediate\stream_aes128ctr_api.obj
e:\chao\libsodium-1.0.1\build\debug\win32\intermediate\stream_chacha20_ref.obj
e:\chao\libsodium-1.0.1\build\debug\win32\intermediate\stream_chacha20_api.obj
e:\chao\libsodium-1.0.1\build\debug\win32\intermediate\crypto_stream.obj
e:\chao\libsodium-1.0.1\build\debug\win32\intermediate\stream_salsa2012.obj
e:\chao\libsodium-1.0.1\build\debug\win32\intermediate\xor_salsa2012.obj
e:\chao\libsodium-1.0.1\build\debug\win32\intermediate\stream_salsa2012_api.obj
e:\chao\libsodium-1.0.1\build\debug\win32\intermediate\stream_salsa208.obj
e:\chao\libsodium-1.0.1\build\debug\win32\intermediate\xor_salsa208.obj
e:\chao\libsodium-1.0.1\build\debug\win32\intermediate\ge_p1p1_to_p2.obj
e:\chao\libsodium-1.0.1\build\debug\win32\intermediate\ge_p1p1_to_p3.obj
e:\chao\libsodium-1.0.1\build\debug\win32\intermediate\ge_p2_0.obj
e:\chao\libsodium-1.0.1\build\debug\win32\intermediate\ge_p2_dbl.obj
e:\chao\libsodium-1.0.1\build\debug\win32\intermediate\ge_p3_0.obj
e:\chao\libsodium-1.0.1\build\debug\win32\intermediate\ge_p3_dbl.obj
e:\chao\libsodium-1.0.1\build\debug\win32\intermediate\ge_p3_tobytes.obj
e:\chao\libsodium-1.0.1\build\debug\win32\intermediate\ge_p3_to_cached.obj
e:\chao\libsodium-1.0.1\build\debug\win32\intermediate\ge_p3_to_p2.obj
e:\chao\libsodium-1.0.1\build\debug\win32\intermediate\ge_precomp_0.obj
e:\chao\libsodium-1.0.1\build\debug\win32\intermediate\ge_scalarmult_base.obj
e:\chao\libsodium-1.0.1\build\debug\win32\intermediate\ge_sub.obj
e:\chao\libsodium-1.0.1\build\debug\win32\intermediate\ge_tobytes.obj
e:\chao\libsodium-1.0.1\build\debug\win32\intermediate\keypair.obj
e:\chao\libsodium-1.0.1\build\debug\win32\intermediate\open.obj
e:\chao\libsodium-1.0.1\build\debug\win32\intermediate\sc_muladd.obj
e:\chao\libsodium-1.0.1\build\debug\win32\intermediate\sc_reduce.obj
e:\chao\libsodium-1.0.1\build\debug\win32\intermediate\sign.obj
e:\chao\libsodium-1.0.1\build\debug\win32\intermediate\sign_ed25519_api.obj
e:\chao\libsodium-1.0.1\build\debug\win32\intermediate\fe25519_edwards25519sha512batch.obj
e:\chao\libsodium-1.0.1\build\debug\win32\intermediate\fe_1.obj
e:\chao\libsodium-1.0.1\build\debug\win32\intermediate\fe_add.obj
e:\chao\libsodium-1.0.1\build\debug\win32\intermediate\fe_cmov.obj
e:\chao\libsodium-1.0.1\build\debug\win32\intermediate\fe_copy.obj
e:\chao\libsodium-1.0.1\build\debug\win32\intermediate\fe_frombytes.obj
e:\chao\libsodium-1.0.1\build\debug\win32\intermediate\fe_invert.obj
e:\chao\libsodium-1.0.1\build\debug\win32\intermediate\fe_isnegative.obj
e:\chao\libsodium-1.0.1\build\debug\win32\intermediate\fe_isnonzero.obj
e:\chao\libsodium-1.0.1\build\debug\win32\intermediate\fe_mul.obj
e:\chao\libsodium-1.0.1\build\debug\win32\intermediate\fe_neg.obj
e:\chao\libsodium-1.0.1\build\debug\win32\intermediate\fe_pow22523.obj
e:\chao\libsodium-1.0.1\build\debug\win32\intermediate\fe_sq.obj
e:\chao\libsodium-1.0.1\build\debug\win32\intermediate\fe_sq2.obj
e:\chao\libsodium-1.0.1\build\debug\win32\intermediate\fe_sub.obj
e:\chao\libsodium-1.0.1\build\debug\win32\intermediate\fe_tobytes.obj
e:\chao\libsodium-1.0.1\build\debug\win32\intermediate\ge_add.obj
e:\chao\libsodium-1.0.1\build\debug\win32\intermediate\ge_double_scalarmult.obj
e:\chao\libsodium-1.0.1\build\debug\win32\intermediate\ge_frombytes.obj
e:\chao\libsodium-1.0.1\build\debug\win32\intermediate\ge_madd.obj
e:\chao\libsodium-1.0.1\build\debug\win32\intermediate\ge_msub.obj
e:\chao\libsodium-1.0.1\build\debug\win32\intermediate\fe_copy_curve25519_ref10.obj
e:\chao\libsodium-1.0.1\build\debug\win32\intermediate\fe_cswap_curve25519_ref10.obj
e:\chao\libsodium-1.0.1\build\debug\win32\intermediate\fe_frombytes_curve25519_ref10.obj
e:\chao\libsodium-1.0.1\build\debug\win32\intermediate\fe_invert_curve25519_ref10.obj
e:\chao\libsodium-1.0.1\build\debug\win32\intermediate\fe_mul121666_curve25519_ref10.obj
e:\chao\libsodium-1.0.1\build\debug\win32\intermediate\fe_mul_curve25519_ref10.obj
e:\chao\libsodium-1.0.1\build\debug\win32\intermediate\fe_sq_curve25519_ref10.obj
e:\chao\libsodium-1.0.1\build\debug\win32\intermediate\fe_sub_curve25519_ref10.obj
e:\chao\libsodium-1.0.1\build\debug\win32\intermediate\fe_tobytes_curve25519_ref10.obj
e:\chao\libsodium-1.0.1\build\debug\win32\intermediate\scalarmult_curve25519_ref10.obj
e:\chao\libsodium-1.0.1\build\debug\win32\intermediate\scalarmult_curve25519_api.obj
e:\chao\libsodium-1.0.1\build\debug\win32\intermediate\crypto_secretbox.obj
e:\chao\libsodium-1.0.1\build\debug\win32\intermediate\crypto_secretbox_easy.obj
e:\chao\libsodium-1.0.1\build\debug\win32\intermediate\box_xsalsa20poly1305.obj
e:\chao\libsodium-1.0.1\build\debug\win32\intermediate\secretbox_xsalsa20poly1305_api.obj
e:\chao\libsodium-1.0.1\build\debug\win32\intermediate\crypto_shorthash.obj
e:\chao\libsodium-1.0.1\build\debug\win32\intermediate\shorthash_siphash24.obj
e:\chao\libsodium-1.0.1\build\debug\win32\intermediate\shorthash_siphash24_api.obj
e:\chao\libsodium-1.0.1\build\debug\win32\intermediate\crypto_sign.obj
e:\chao\libsodium-1.0.1\build\debug\win32\intermediate\fe_0.obj
e:\chao\libsodium-1.0.1\build\debug\win32\intermediate\hash_sha512.obj
e:\chao\libsodium-1.0.1\build\debug\win32\intermediate\crypto_onetimeauth.obj
e:\chao\libsodium-1.0.1\build\debug\win32\intermediate\auth_poly1305_donna.obj
e:\chao\libsodium-1.0.1\build\debug\win32\intermediate\verify_poly1305_donna.obj
e:\chao\libsodium-1.0.1\build\debug\win32\intermediate\onetimeauth_poly1305.obj
e:\chao\libsodium-1.0.1\build\debug\win32\intermediate\onetimeauth_poly1305_api.obj
e:\chao\libsodium-1.0.1\build\debug\win32\intermediate\onetimeauth_poly1305_try.obj
e:\chao\libsodium-1.0.1\build\debug\win32\intermediate\crypto_scrypt-common.obj
e:\chao\libsodium-1.0.1\build\debug\win32\intermediate\pwhash_scryptsalsa208sha256_nosse.obj
e:\chao\libsodium-1.0.1\build\debug\win32\intermediate\pbkdf2-sha256.obj
e:\chao\libsodium-1.0.1\build\debug\win32\intermediate\pwhash_scryptsalsa208sha256.obj
e:\chao\libsodium-1.0.1\build\debug\win32\intermediate\scrypt_platform.obj
e:\chao\libsodium-1.0.1\build\debug\win32\intermediate\pwhash_scryptsalsa208sha256_sse.obj
e:\chao\libsodium-1.0.1\build\debug\win32\intermediate\crypto_scalarmult.obj
e:\chao\libsodium-1.0.1\build\debug\win32\intermediate\base_curve25519_donna_c64.obj
e:\chao\libsodium-1.0.1\build\debug\win32\intermediate\smult_curve25519_donna_c64.obj
e:\chao\libsodium-1.0.1\build\debug\win32\intermediate\base_curve25519_ref10.obj
e:\chao\libsodium-1.0.1\build\debug\win32\intermediate\fe_0_curve25519_ref10.obj
e:\chao\libsodium-1.0.1\build\debug\win32\intermediate\fe_1_curve25519_ref10.obj
e:\chao\libsodium-1.0.1\build\debug\win32\intermediate\fe_add_curve25519_ref10.obj
e:\chao\libsodium-1.0.1\build\debug\win32\intermediate\after_curve25519xsalsa20poly1305.obj
e:\chao\libsodium-1.0.1\build\debug\win32\intermediate\before_curve25519xsalsa20poly1305.obj
e:\chao\libsodium-1.0.1\build\debug\win32\intermediate\box_curve25519xsalsa20poly1305.obj
e:\chao\libsodium-1.0.1\build\debug\win32\intermediate\keypair_curve25519xsalsa20poly1305.obj
e:\chao\libsodium-1.0.1\build\debug\win32\intermediate\core_hsalsa20_api.obj
e:\chao\libsodium-1.0.1\build\debug\win32\intermediate\core_hsalsa20.obj
e:\chao\libsodium-1.0.1\build\debug\win32\intermediate\core_salsa2012_api.obj
e:\chao\libsodium-1.0.1\build\debug\win32\intermediate\core_salsa2012.obj
e:\chao\libsodium-1.0.1\build\debug\win32\intermediate\core_salsa208_api.obj
e:\chao\libsodium-1.0.1\build\debug\win32\intermediate\core_salsa208.obj
e:\chao\libsodium-1.0.1\build\debug\win32\intermediate\core_salsa20_api.obj
e:\chao\libsodium-1.0.1\build\debug\win32\intermediate\core_salsa20.obj
e:\chao\libsodium-1.0.1\build\debug\win32\intermediate\generichash_blake2_api.obj
e:\chao\libsodium-1.0.1\build\debug\win32\intermediate\blake2b-ref.obj
e:\chao\libsodium-1.0.1\build\debug\win32\intermediate\generichash_blake2b.obj
e:\chao\libsodium-1.0.1\build\debug\win32\intermediate\crypto_generichash.obj
e:\chao\libsodium-1.0.1\build\debug\win32\intermediate\crypto_hash.obj
e:\chao\libsodium-1.0.1\build\debug\win32\intermediate\hash_sha256_api.obj
e:\chao\libsodium-1.0.1\build\debug\win32\intermediate\hash_sha256.obj
e:\chao\libsodium-1.0.1\build\debug\win32\intermediate\hash_sha512_api.obj
e:\chao\libsodium-1.0.1\build\debug\win32\intermediate\aead_chacha20poly1305.obj
e:\chao\libsodium-1.0.1\build\debug\win32\intermediate\crypto_auth.obj
e:\chao\libsodium-1.0.1\build\debug\win32\intermediate\auth_hmacsha256_api.obj
e:\chao\libsodium-1.0.1\build\debug\win32\intermediate\hmac_hmacsha256.obj
e:\chao\libsodium-1.0.1\build\debug\win32\intermediate\verify_hmacsha256.obj
e:\chao\libsodium-1.0.1\build\debug\win32\intermediate\auth_hmacsha512_api.obj
e:\chao\libsodium-1.0.1\build\debug\win32\intermediate\hmac_hmacsha512.obj
e:\chao\libsodium-1.0.1\build\debug\win32\intermediate\verify_hmacsha512.obj
e:\chao\libsodium-1.0.1\build\debug\win32\intermediate\auth_hmacsha512256_api.obj
e:\chao\libsodium-1.0.1\build\debug\win32\intermediate\hmac_hmacsha512256.obj
e:\chao\libsodium-1.0.1\build\debug\win32\intermediate\verify_hmacsha512256.obj
e:\chao\libsodium-1.0.1\build\debug\win32\intermediate\crypto_box.obj
e:\chao\libsodium-1.0.1\build\debug\win32\intermediate\crypto_box_easy.obj
e:\chao\libsodium-1.0.1\build\debug\win32\intermediate\box_curve25519xsalsa20poly1305_api.obj
e:\chao\libsodium-1.0.1\build\debug\win32\intermediate\main.obj
e:\chao\libsodium-1.0.1\build\debug\win32\libsodium.ilk
e:\chao\libsodium-1.0.1\build\debug\win32\libsodium.exe
e:\chao\libsodium-1.0.1\build\debug\win32\libsodium.pdb
e:\chao\libsodium-1.0.1\build\debug\win32\intermediate\libsodium.tlog\cl.command.1.tlog
e:\chao\libsodium-1.0.1\build\debug\win32\intermediate\libsodium.tlog\cl.read.1.tlog
e:\chao\libsodium-1.0.1\build\debug\win32\intermediate\libsodium.tlog\cl.write.1.tlog
e:\chao\libsodium-1.0.1\build\debug\win32\intermediate\libsodium.tlog\lib-link.read.1.tlog
e:\chao\libsodium-1.0.1\build\debug\win32\intermediate\libsodium.tlog\lib-link.write.1.tlog
e:\chao\libsodium-1.0.1\build\debug\win32\intermediate\libsodium.tlog\lib.command.1.tlog
e:\chao\libsodium-1.0.1\build\debug\win32\intermediate\libsodium.tlog\libsodium.write.1u.tlog
e:\chao\libsodium-1.0.1\build\debug\win32\intermediate\libsodium.tlog\link.command.1.tlog
e:\chao\libsodium-1.0.1\build\debug\win32\intermediate\libsodium.tlog\link.read.1.tlog
e:\chao\libsodium-1.0.1\build\debug\win32\intermediate\libsodium.tlog\link.write.1.tlog
